<?xml version="1.0" encoding="UTF-8"?>
<!-- Generated by org.testng.reporters.JUnitReportReporter -->
<testsuite skipped="0" hostname="WIN-NFDCINOH1RK" name="demoExcel.createWorbookDemo" tests="1" failures="0" timestamp="2020-06-19T04:42:42 UTC" time="0.638" errors="0">
  <testcase name="f" time="0.638" classname="demoExcel.createWorbookDemo"/>
</testsuite> <!-- demoExcel.createWorbookDemo -->
